<?xml version="1.0" encoding="UTF-8"?>
<testsuite name="raisetech.studentmanagement.repository.StudentRepositoryTest" tests="4" skipped="0" failures="0" errors="0" timestamp="2026-02-10T14:21:39.983Z" hostname="TatsukisMacBook-Air.local" time="0.51">
  <properties/>
  <testcase name="受講生の更新が行えること()" classname="raisetech.studentmanagement.repository.StudentRepositoryTest" time="0.493"/>
  <testcase name="受講生の全件検索が行えること()" classname="raisetech.studentmanagement.repository.StudentRepositoryTest" time="0.003"/>
  <testcase name="受講生の登録が行えること()" classname="raisetech.studentmanagement.repository.StudentRepositoryTest" time="0.005"/>
  <testcase name="受講生の削除が行えること()" classname="raisetech.studentmanagement.repository.StudentRepositoryTest" time="0.004"/>
  <system-out><![CDATA[23:21:39.265 [Test worker] INFO org.springframework.test.context.support.AnnotationConfigContextLoaderUtils -- Could not detect default configuration classes for test class [raisetech.studentmanagement.repository.StudentRepositoryTest]: StudentRepositoryTest does not declare any static, non-private, non-final, nested classes annotated with @Configuration.
23:21:39.326 [Test worker] INFO org.springframework.boot.test.context.SpringBootTestContextBootstrapper -- Found @SpringBootConfiguration raisetech.studentmanagement.StudentManagementApplication for test class raisetech.studentmanagement.repository.StudentRepositoryTest

  .   ____          _            __ _ _
 /\\ / ___'_ __ _ _(_)_ __  __ _ \ \ \ \
( ( )\___ | '_ | '_| | '_ \/ _` | \ \ \ \
 \\/  ___)| |_)| | | | | || (_| |  ) ) ) )
  '  |____| .__|_| |_|_| |_\__, | / / / /
 =========|_|==============|___/=/_/_/_/

 :: Spring Boot ::                (v3.3.5)

2026-02-10T23:21:39.494+09:00  INFO 1861 --- [StudentManagement] [    Test worker] r.s.repository.StudentRepositoryTest     : Starting StudentRepositoryTest using Java 21.0.8 with PID 1861 (started by tatsukiyamamoto in /Users/tatsukiyamamoto/Downloads/StudentManagement)
2026-02-10T23:21:39.494+09:00  INFO 1861 --- [StudentManagement] [    Test worker] r.s.repository.StudentRepositoryTest     : No active profile set, falling back to 1 default profile: "default"
2026-02-10T23:21:39.669+09:00  INFO 1861 --- [StudentManagement] [    Test worker] beddedDataSourceBeanFactoryPostProcessor : Replacing 'dataSource' DataSource bean with embedded version
2026-02-10T23:21:39.761+09:00  INFO 1861 --- [StudentManagement] [    Test worker] o.s.j.d.e.EmbeddedDatabaseFactory        : Starting embedded database: url='jdbc:h2:mem:bade2951-5190-4d9f-a191-15848ff5b999;DB_CLOSE_DELAY=-1;DB_CLOSE_ON_EXIT=false', username='sa'
2026-02-10T23:21:39.978+09:00  INFO 1861 --- [StudentManagement] [    Test worker] r.s.repository.StudentRepositoryTest     : Started StudentRepositoryTest in 0.609 seconds (process running for 1.225)
]]></system-out>
  <system-err><![CDATA[WARNING: A Java agent has been loaded dynamically (/Users/tatsukiyamamoto/.gradle/caches/modules-2/files-2.1/net.bytebuddy/byte-buddy-agent/1.14.19/154da3a65b4f4a909d3e5bdec55d1b2b4cbb6ce1/byte-buddy-agent-1.14.19.jar)
WARNING: If a serviceability tool is in use, please run with -XX:+EnableDynamicAgentLoading to hide this warning
WARNING: If a serviceability tool is not in use, please run with -Djdk.instrument.traceUsage for more information
WARNING: Dynamic loading of agents will be disallowed by default in a future release
]]></system-err>
</testsuite>
