<?xml version="1.0" encoding="UTF-8"?>
<testsuite name="raisetech.studentmanagement.controller.StudentControllerTest" tests="7" skipped="0" failures="0" errors="0" timestamp="2026-03-04T10:22:45.973Z" hostname="TatsukisMacBook-Air.local" time="0.255">
  <properties/>
  <testcase name="受講生詳細の検索が実行できて空で返ってくること()" classname="raisetech.studentmanagement.controller.StudentControllerTest" time="0.11"/>
  <testcase name="受講生詳細の受講生でIDに数字以外を用いた時に入力チェックにかかること()" classname="raisetech.studentmanagement.controller.StudentControllerTest" time="0.049"/>
  <testcase name="受講生詳細の例外APIが実行できてステータスが400で返ってくること()" classname="raisetech.studentmanagement.controller.StudentControllerTest" time="0.007"/>
  <testcase name="受講生詳細の登録が実行できて空で返ってくること()" classname="raisetech.studentmanagement.controller.StudentControllerTest" time="0.051"/>
  <testcase name="受講生詳細の受講生で適切な値を入力した時に入力チェックに異常が発生しないこと()" classname="raisetech.studentmanagement.controller.StudentControllerTest" time="0.004"/>
  <testcase name="受講生詳細の一覧検索が実行できて空のリストが返ってくること()" classname="raisetech.studentmanagement.controller.StudentControllerTest" time="0.008"/>
  <testcase name="受講生詳細の更新が実行できて空で返ってくること()" classname="raisetech.studentmanagement.controller.StudentControllerTest" time="0.007"/>
  <system-out><![CDATA[19:22:44.635 [Test worker] INFO org.springframework.test.context.support.AnnotationConfigContextLoaderUtils -- Could not detect default configuration classes for test class [raisetech.studentmanagement.controller.StudentControllerTest]: StudentControllerTest does not declare any static, non-private, non-final, nested classes annotated with @Configuration.
19:22:44.711 [Test worker] INFO org.springframework.boot.test.context.SpringBootTestContextBootstrapper -- Found @SpringBootConfiguration raisetech.studentmanagement.StudentManagementApplication for test class raisetech.studentmanagement.controller.StudentControllerTest
19:22:44.760 [Test worker] INFO org.hibernate.validator.internal.util.Version -- HV000001: Hibernate Validator 8.0.1.Final

  .   ____          _            __ _ _
 /\\ / ___'_ __ _ _(_)_ __  __ _ \ \ \ \
( ( )\___ | '_ | '_| | '_ \/ _` | \ \ \ \
 \\/  ___)| |_)| | | | | || (_| |  ) ) ) )
  '  |____| .__|_| |_|_| |_\__, | / / / /
 =========|_|==============|___/=/_/_/_/

 :: Spring Boot ::                (v3.3.5)

2026-03-04T19:22:44.974+09:00  INFO 1801 --- [StudentManagement] [    Test worker] r.s.controller.StudentControllerTest     : Starting StudentControllerTest using Java 21.0.8 with PID 1801 (started by tatsukiyamamoto in /Users/tatsukiyamamoto/Downloads/StudentManagement)
2026-03-04T19:22:44.975+09:00  INFO 1801 --- [StudentManagement] [    Test worker] r.s.controller.StudentControllerTest     : No active profile set, falling back to 1 default profile: "default"
2026-03-04T19:22:45.929+09:00  WARN 1801 --- [StudentManagement] [    Test worker] ion$DefaultTemplateResolverConfiguration : Cannot find template location: classpath:/templates/ (please add some templates, check your Thymeleaf configuration, or set spring.thymeleaf.check-template-location=false)
2026-03-04T19:22:45.945+09:00  INFO 1801 --- [StudentManagement] [    Test worker] o.s.b.t.m.w.SpringBootMockServletContext : Initializing Spring TestDispatcherServlet ''
2026-03-04T19:22:45.945+09:00  INFO 1801 --- [StudentManagement] [    Test worker] o.s.t.web.servlet.TestDispatcherServlet  : Initializing Servlet ''
2026-03-04T19:22:45.946+09:00  INFO 1801 --- [StudentManagement] [    Test worker] o.s.t.web.servlet.TestDispatcherServlet  : Completed initialization in 1 ms
2026-03-04T19:22:45.966+09:00  INFO 1801 --- [StudentManagement] [    Test worker] r.s.controller.StudentControllerTest     : Started StudentControllerTest in 1.122 seconds (process running for 1.762)
]]></system-out>
  <system-err><![CDATA[WARNING: A Java agent has been loaded dynamically (/Users/tatsukiyamamoto/.gradle/caches/modules-2/files-2.1/net.bytebuddy/byte-buddy-agent/1.14.19/154da3a65b4f4a909d3e5bdec55d1b2b4cbb6ce1/byte-buddy-agent-1.14.19.jar)
WARNING: If a serviceability tool is in use, please run with -XX:+EnableDynamicAgentLoading to hide this warning
WARNING: If a serviceability tool is not in use, please run with -Djdk.instrument.traceUsage for more information
WARNING: Dynamic loading of agents will be disallowed by default in a future release
]]></system-err>
</testsuite>
