<?xml version="1.0" encoding="UTF-8"?>
<testsuite name="raisetech.studentmanagement.repository.StudentRepositoryTest" tests="4" skipped="0" failures="0" errors="0" timestamp="2026-03-04T10:22:46.594Z" hostname="TatsukisMacBook-Air.local" time="0.05">
  <properties/>
  <testcase name="受講生の更新が行えること()" classname="raisetech.studentmanagement.repository.StudentRepositoryTest" time="0.035"/>
  <testcase name="受講生の全件検索が行えること()" classname="raisetech.studentmanagement.repository.StudentRepositoryTest" time="0.003"/>
  <testcase name="受講生の登録が行えること()" classname="raisetech.studentmanagement.repository.StudentRepositoryTest" time="0.005"/>
  <testcase name="受講生の削除が行えること()" classname="raisetech.studentmanagement.repository.StudentRepositoryTest" time="0.004"/>
  <system-out><![CDATA[2026-03-04T19:22:46.240+09:00  INFO 1801 --- [StudentManagement] [    Test worker] t.c.s.AnnotationConfigContextLoaderUtils : Could not detect default configuration classes for test class [raisetech.studentmanagement.repository.StudentRepositoryTest]: StudentRepositoryTest does not declare any static, non-private, non-final, nested classes annotated with @Configuration.
2026-03-04T19:22:46.249+09:00  INFO 1801 --- [StudentManagement] [    Test worker] .b.t.c.SpringBootTestContextBootstrapper : Found @SpringBootConfiguration raisetech.studentmanagement.StudentManagementApplication for test class raisetech.studentmanagement.repository.StudentRepositoryTest

  .   ____          _            __ _ _
 /\\ / ___'_ __ _ _(_)_ __  __ _ \ \ \ \
( ( )\___ | '_ | '_| | '_ \/ _` | \ \ \ \
 \\/  ___)| |_)| | | | | || (_| |  ) ) ) )
  '  |____| .__|_| |_|_| |_\__, | / / / /
 =========|_|==============|___/=/_/_/_/

 :: Spring Boot ::                (v3.3.5)

2026-03-04T19:22:46.265+09:00  INFO 1801 --- [StudentManagement] [    Test worker] r.s.repository.StudentRepositoryTest     : Starting StudentRepositoryTest using Java 21.0.8 with PID 1801 (started by tatsukiyamamoto in /Users/tatsukiyamamoto/Downloads/StudentManagement)
2026-03-04T19:22:46.266+09:00  INFO 1801 --- [StudentManagement] [    Test worker] r.s.repository.StudentRepositoryTest     : No active profile set, falling back to 1 default profile: "default"
2026-03-04T19:22:46.344+09:00  INFO 1801 --- [StudentManagement] [    Test worker] beddedDataSourceBeanFactoryPostProcessor : Replacing 'dataSource' DataSource bean with embedded version
2026-03-04T19:22:46.390+09:00  INFO 1801 --- [StudentManagement] [    Test worker] o.s.j.d.e.EmbeddedDatabaseFactory        : Starting embedded database: url='jdbc:h2:mem:3b48c719-cc5f-4c4f-abdf-db6bd9b88e0b;DB_CLOSE_DELAY=-1;DB_CLOSE_ON_EXIT=false', username='sa'
2026-03-04T19:22:46.591+09:00  INFO 1801 --- [StudentManagement] [    Test worker] r.s.repository.StudentRepositoryTest     : Started StudentRepositoryTest in 0.339 seconds (process running for 2.387)
]]></system-out>
  <system-err><![CDATA[]]></system-err>
</testsuite>
